[2023-07-29 15:04:16,877]-25 root-INFO-Entered the data ingestion method or component
[2023-07-29 15:04:16,940]-28 root-INFO-Read the dataset as dataframe
[2023-07-29 15:04:16,987]-34 root-INFO-Train test split initiated
[2023-07-29 15:04:17,002]-41 root-INFO-Inmgestion of the data iss completed
[2023-07-29 15:04:17,034]-82 root-INFO-Read train and test data completed
[2023-07-29 15:04:17,034]-84 root-INFO-Obtaining preprocessing object
[2023-07-29 15:04:17,034]-58 root-INFO-Categorical columns: ['gender', 'race_ethnicity', 'parental_level_of_education', 'lunch', 'test_preparation_course']
[2023-07-29 15:04:17,034]-59 root-INFO-Numerical columns: ['writing_score', 'reading_score']
[2023-07-29 15:04:17,034]-97 root-INFO-Applying preprocessing object on training dataframe and testing dataframe.
[2023-07-29 15:04:17,081]-109 root-INFO-Saved preprocessing object.
[2023-07-29 15:04:17,081]-33 root-INFO-Split training and test input data
[2023-07-29 15:07:58,338]-100 root-INFO-BEST MODEL iS LinearRegression() 
[2023-07-29 15:07:58,338]-103 root-INFO-Model is Random Forest with score 0.8526547014237672
[2023-07-29 15:07:58,338]-103 root-INFO-Model is Decision Tree with score 0.7535325291856937
[2023-07-29 15:07:58,338]-103 root-INFO-Model is Gradient Boosting with score 0.8776341774562089
[2023-07-29 15:07:58,338]-103 root-INFO-Model is Linear Regression with score 0.8796442012440289
[2023-07-29 15:07:58,338]-103 root-INFO-Model is XGBRegressor with score 0.8641759493504592
[2023-07-29 15:07:58,338]-103 root-INFO-Model is CatBoosting Regressor with score 0.8613734525258083
[2023-07-29 15:07:58,338]-103 root-INFO-Model is AdaBoost Regressor with score 0.8515671637682922
[2023-07-29 15:07:58,338]-107 root-INFO-Best found model on both training and testing dataset
