[2023-07-28 17:28:53,405]-25 root-INFO-Entered the data ingestion method or component
[2023-07-28 17:28:53,422]-28 root-INFO-Read the dataset as dataframe
[2023-07-28 17:28:53,437]-34 root-INFO-Train test split initiated
[2023-07-28 17:28:53,473]-41 root-INFO-Inmgestion of the data iss completed
[2023-07-28 17:28:53,556]-82 root-INFO-Read train and test data completed
[2023-07-28 17:28:53,560]-84 root-INFO-Obtaining preprocessing object
[2023-07-28 17:28:53,561]-58 root-INFO-Categorical columns: ['gender', 'race_ethnicity', 'parental_level_of_education', 'lunch', 'test_preparation_course']
[2023-07-28 17:28:53,561]-59 root-INFO-Numerical columns: ['writing_score', 'reading_score']
[2023-07-28 17:28:53,567]-97 root-INFO-Applying preprocessing object on training dataframe and testing dataframe.
[2023-07-28 17:28:53,627]-109 root-INFO-Saved preprocessing object.
[2023-07-28 17:28:53,630]-33 root-INFO-Split training and test input data
[2023-07-28 17:32:21,062]-89 root-INFO-Models with accuracy is
[2023-07-28 17:32:21,066]-100 root-INFO-BEST MODEL iS GradientBoostingRegressor(learning_rate=0.05, n_estimators=128, subsample=0.7) 
[2023-07-28 17:32:21,066]-103 root-INFO-Model is Random Forest with score 0.8434171775129523
[2023-07-28 17:32:21,066]-103 root-INFO-Model is Decision Tree with score 0.7637240977996075
[2023-07-28 17:32:21,067]-103 root-INFO-Model is Gradient Boosting with score 0.8800074568594155
[2023-07-28 17:32:21,067]-103 root-INFO-Model is Linear Regression with score 0.8796442012440289
[2023-07-28 17:32:21,068]-103 root-INFO-Model is XGBRegressor with score 0.8641759493504592
[2023-07-28 17:32:21,068]-103 root-INFO-Model is CatBoosting Regressor with score 0.8613734525258083
[2023-07-28 17:32:21,068]-103 root-INFO-Model is AdaBoost Regressor with score 0.8508195173767861
[2023-07-28 17:32:21,068]-107 root-INFO-Best found model on both training and testing dataset
