[2023-07-28 20:03:31,338]-25 root-INFO-Entered the data ingestion method or component
[2023-07-28 20:03:31,352]-28 root-INFO-Read the dataset as dataframe
[2023-07-28 20:03:31,356]-34 root-INFO-Train test split initiated
[2023-07-28 20:03:31,378]-41 root-INFO-Inmgestion of the data iss completed
[2023-07-28 20:03:31,421]-82 root-INFO-Read train and test data completed
[2023-07-28 20:03:31,421]-84 root-INFO-Obtaining preprocessing object
[2023-07-28 20:03:31,421]-58 root-INFO-Categorical columns: ['gender', 'race_ethnicity', 'parental_level_of_education', 'lunch', 'test_preparation_course']
[2023-07-28 20:03:31,421]-59 root-INFO-Numerical columns: ['writing_score', 'reading_score']
[2023-07-28 20:03:31,436]-97 root-INFO-Applying preprocessing object on training dataframe and testing dataframe.
[2023-07-28 20:03:31,486]-109 root-INFO-Saved preprocessing object.
[2023-07-28 20:03:31,487]-33 root-INFO-Split training and test input data
[2023-07-28 20:06:55,597]-100 root-INFO-BEST MODEL iS LinearRegression() 
[2023-07-28 20:06:55,598]-103 root-INFO-Model is Random Forest with score 0.854249172596245
[2023-07-28 20:06:55,598]-103 root-INFO-Model is Decision Tree with score 0.7604364950209256
[2023-07-28 20:06:55,598]-103 root-INFO-Model is Gradient Boosting with score 0.8734488856664067
[2023-07-28 20:06:55,598]-103 root-INFO-Model is Linear Regression with score 0.8796442012440289
[2023-07-28 20:06:55,598]-103 root-INFO-Model is XGBRegressor with score 0.8641759493504592
[2023-07-28 20:06:55,598]-103 root-INFO-Model is CatBoosting Regressor with score 0.8613734525258083
[2023-07-28 20:06:55,598]-103 root-INFO-Model is AdaBoost Regressor with score 0.8530725210906385
[2023-07-28 20:06:55,598]-107 root-INFO-Best found model on both training and testing dataset
